This file contains any messages produced by compilers while
running configure, to aid debugging if configure makes a mistake.

It was created by configure, which was
generated by GNU Autoconf 2.69.  Invocation command line was

  $ ./configure 

## --------- ##
## Platform. ##
## --------- ##

hostname = LM-CHI-21018270
uname -m = x86_64
uname -r = 17.7.0
uname -s = Darwin
uname -v = Darwin Kernel Version 17.7.0: Wed Oct 10 23:06:14 PDT 2018; root:xnu-4570.71.13~1/RELEASE_X86_64

/usr/bin/uname -p = i386
/bin/uname -X     = unknown

/bin/arch              = unknown
/usr/bin/arch -k       = unknown
/usr/convex/getsysinfo = unknown
/usr/bin/hostinfo      = Mach kernel version:
	 Darwin Kernel Version 17.7.0: Wed Oct 10 23:06:14 PDT 2018; root:xnu-4570.71.13~1/RELEASE_X86_64
Kernel configured for up to 8 processors.
4 processors are physically available.
8 processors are logically available.
Processor type: x86_64h (Intel x86-64h Haswell)
Processors active: 0 1 2 3 4 5 6 7
Primary memory available: 16.00 gigabytes
Default processor set: 545 tasks, 2695 threads, 8 processors
Load average: 5.05, Mach factor: 3.31
/bin/machine           = unknown
/usr/bin/oslevel       = unknown
/bin/universe          = unknown

PATH: /Users/yuecchen/.rvm/gems/ruby-2.5.1/bin
PATH: /Users/yuecchen/.rvm/gems/ruby-2.5.1@global/bin
PATH: /Users/yuecchen/.rvm/rubies/ruby-2.5.1/bin
PATH: /usr/local/Cellar/
PATH: /Applications
PATH: /Users/yuecchen/.config/yarn/global
PATH: /usr/local/bin
PATH: /usr/local/bin
PATH: /usr/bin
PATH: /bin
PATH: /usr/sbin
PATH: /sbin
PATH: /Applications/Wireshark.app/Contents/MacOS
PATH: /Users/yuecchen/.rvm/gems/ruby-2.5.1/bin
PATH: /Users/yuecchen/.rvm/gems/ruby-2.5.1@global/bin
PATH: /Users/yuecchen/.rvm/rubies/ruby-2.5.1/bin
PATH: /Users/yuecchen/.rvm/bin
PATH: /usr/local/Cellar
PATH: /Applications
PATH: /Users/yuecchen/.config/yarn/global
PATH: /Users/yuecchen/.rvm/bin


## ----------- ##
## Core tests. ##
## ----------- ##

configure:1704: checking whether make sets $(MAKE)
configure:1726: result: yes
configure:1778: checking for a BSD-compatible install
configure:1846: result: /usr/local/bin/ginstall -c
configure:1859: checking for makeinfo
configure:1875: found /usr/bin/makeinfo
configure:1887: result: makeinfo
configure:1898: checking if makeinfo version >= 6.3
configure:1913: result: no (4.8)
configure:1920: checking for texi2pdf
configure:1936: found /usr/bin/texi2pdf
configure:1948: result: texi2pdf
configure:1959: checking if texi2pdf version >= 6.3
configure:1974: result: no (4.8)
configure:1983: checking for egrep
configure:1999: found /usr/bin/egrep
configure:2010: result: egrep
configure:2023: checking for cygpath
configure:2051: result: no
configure:2253: checking for emacs
configure:2271: found /usr/local/bin/emacs
configure:2283: result: /usr/local/bin/emacs
configure:2310: checking what a flavor does /usr/local/bin/emacs have
=> Emacs 26.1
configure:2348: result: Emacs 26.1
configure:2360: checking prefix for /usr/local/bin/emacs
=> /usr/local/Cellar/emacs/26.1_1/Emacs.app/Contents
configure:2393: result: /usr/local/Cellar/emacs/26.1_1/Emacs.app/Contents
configure:2401: checking where lisp files should go
configure:2423: result: $(datadir)/emacs/site-lisp/w3m/
configure:2583: checking where icon files should go
=> /usr/local/Cellar/emacs/26.1_1/share/emacs/26.1/etc/images/w3m
configure:2629: result: /usr/local/Cellar/emacs/26.1_1/share/emacs/26.1/etc/images/w3m
configure:2675: checking for gzip
configure:2693: found /usr/bin/gzip
configure:2705: result: /usr/bin/gzip
configure:2886: creating ./config.status

## ---------------------- ##
## Running config.status. ##
## ---------------------- ##

This file was extended by config.status, which was
generated by GNU Autoconf 2.69.  Invocation command line was

  CONFIG_FILES    = 
  CONFIG_HEADERS  = 
  CONFIG_LINKS    = 
  CONFIG_COMMANDS = 
  $ ./config.status 

on LM-CHI-21018270

config.status:730: creating Makefile
config.status:730: creating doc/Makefile

## ---------------- ##
## Cache variables. ##
## ---------------- ##

EMACS_cv_SYS_flavor='Emacs 26.1'
EMACS_cv_SYS_icondir=/usr/local/Cellar/emacs/26.1_1/share/emacs/26.1/etc/images/w3m
EMACS_cv_SYS_prefix=/usr/local/Cellar/emacs/26.1_1/Emacs.app/Contents
ac_cv_env_build_alias_set=
ac_cv_env_build_alias_value=
ac_cv_env_host_alias_set=
ac_cv_env_host_alias_value=
ac_cv_env_target_alias_set=
ac_cv_env_target_alias_value=
ac_cv_path_EMACS=/usr/local/bin/emacs
ac_cv_path_GZIP_PROG=/usr/bin/gzip
ac_cv_path_install='/usr/local/bin/ginstall -c'
ac_cv_prog_CYGPATH=no
ac_cv_prog_EGREP=egrep
ac_cv_prog_MAKEINFO=makeinfo
ac_cv_prog_TEXI2PDF=texi2pdf
ac_cv_prog_make_make_set=yes

## ----------------- ##
## Output variables. ##
## ----------------- ##

ADDITIONAL_LOAD_PATH='NONE'
COMPRESS_INSTALL='yes'
CYGPATH='no'
DEFS='-DPACKAGE_NAME=\"\" -DPACKAGE_TARNAME=\"\" -DPACKAGE_VERSION=\"\" -DPACKAGE_STRING=\"\" -DPACKAGE_BUGREPORT=\"\" -DPACKAGE_URL=\"\"'
ECHO_C='\c'
ECHO_N=''
ECHO_T=''
EGREP='egrep'
EMACS='/usr/local/bin/emacs'
GZIP_PROG='/usr/bin/gzip'
ICONDIR='/usr/local/Cellar/emacs/26.1_1/share/emacs/26.1/etc/images/w3m'
INSTALL_DATA='${INSTALL} -m 644'
INSTALL_PROGRAM='${INSTALL}'
INSTALL_SCRIPT='${INSTALL}'
LIBOBJS=''
LIBS=''
LTLIBOBJS=''
MAKEINFO='makeinfo'
PACKAGEDIR='NONE'
PACKAGE_BUGREPORT=''
PACKAGE_NAME=''
PACKAGE_STRING=''
PACKAGE_TARNAME=''
PACKAGE_URL=''
PACKAGE_VERSION=''
PATH_SEPARATOR=':'
SET_MAKE=''
SHELL='/bin/sh'
TEXI2PDF='texi2pdf'
VANILLA_FLAG='-q -no-site-file'
XEMACSDEBUG=''
bindir='${exec_prefix}/bin'
build_alias=''
datadir='${datarootdir}'
datarootdir='${prefix}/share'
docdir='${datarootdir}/doc/${PACKAGE}'
dvidir='${docdir}'
exec_prefix='${prefix}'
host_alias=''
htmldir='${docdir}'
includedir='${prefix}/include'
infodir='${datarootdir}/info'
libdir='${exec_prefix}/lib'
libexecdir='${exec_prefix}/libexec'
lispdir='$(datadir)/emacs/site-lisp/w3m'
localedir='${datarootdir}/locale'
localstatedir='${prefix}/var'
mandir='${datarootdir}/man'
oldincludedir='/usr/include'
pdfdir='${docdir}'
prefix='/usr/local/Cellar/emacs/26.1_1/Emacs.app/Contents'
program_transform_name='s,x,x,'
psdir='${docdir}'
sbindir='${exec_prefix}/sbin'
sharedstatedir='${prefix}/com'
sysconfdir='${prefix}/etc'
target_alias=''

## ----------- ##
## confdefs.h. ##
## ----------- ##

/* confdefs.h */
#define PACKAGE_NAME ""
#define PACKAGE_TARNAME ""
#define PACKAGE_VERSION ""
#define PACKAGE_STRING ""
#define PACKAGE_BUGREPORT ""
#define PACKAGE_URL ""

configure: exit 0
